*** Using Compiler 'V6.23', folder: 'C:\Keil\ARM\ARMCLANG\Bin'
Rebuild target 'Rider_hal'
compiling oled.c...
assembling startup_stm32f103xb.s...
compiling vofa.c...
compiling dwt_delay.c...
compiling soft_i2c.c...
compiling encoder.c...
compiling BluetoothControl.c...
compiling motor.c...
compiling Ultrasonic.c...
compiling pid.c...
compiling MPU6050.c...
compiling main.c...
compiling gpio.c...
compiling dma.c...
compiling i2c.c...
compiling freertos.c...
compiling tim.c...
compiling stm32f1xx_it.c...
compiling usart.c...
compiling stm32f1xx_hal_gpio_ex.c...
compiling stm32f1xx_hal_msp.c...
compiling stm32f1xx_hal.c...
compiling stm32f1xx_hal_rcc.c...
compiling stm32f1xx_hal_rcc_ex.c...
compiling stm32f1xx_hal_gpio.c...
compiling stm32f1xx_hal_cortex.c...
compiling stm32f1xx_hal_pwr.c...
compiling stm32f1xx_hal_dma.c...
compiling stm32f1xx_hal_flash_ex.c...
compiling stm32f1xx_hal_flash.c...
compiling stm32f1xx_hal_exti.c...
compiling system_stm32f1xx.c...
compiling stm32f1xx_hal_tim_ex.c...
compiling stm32f1xx_hal_uart.c...
compiling list.c...
compiling event_groups.c...
compiling stm32f1xx_hal_i2c.c...
compiling croutine.c...
compiling stm32f1xx_hal_tim.c...
compiling stream_buffer.c...
compiling timers.c...
compiling queue.c...
compiling heap_4.c...
compiling port.c...
compiling tasks.c...
compiling cmsis_os2.c...
linking...
Program Size: Code=43772 RO-data=2776 RW-data=84 ZI-data=13636  
FromELF: creating hex file...
"Rider_hal\Rider_hal.axf" - 0 Error(s), 0 Warning(s).
Build Time Elapsed:  00:00:05
